<?xml version="1.0" encoding="UTF-8"?>
<robot generator="Robot 3.1.2 (Python 3.9.4 on win32)" generated="20210429 22:27:09.867" rpa="false">
<suite id="s1" name="Alterar Dados" source="C:\Users\user\Mainframe3270\features\alterar_dados.robot">
<test id="s1-t1" name="Cenário: Validar alteração da descrição no perfil">
<kw name="Open Mainframe" library="common_kws" type="setup">
<arguments>
<arg>${HOST.pub400}</arg>
<arg>${PORT.pub400}</arg>
</arguments>
<kw name="Open Connection" library="Mainframe3270">
<doc>Create a connection with IBM3270 mainframe with the default port 23. To make a connection with the mainframe
you only must inform the Host. You can pass the Logical Unit Name and the Port as optional.</doc>
<arguments>
<arg>host=${host}</arg>
<arg>port=${port}</arg>
</arguments>
<status status="PASS" starttime="20210429 22:27:10.302" endtime="20210429 22:27:10.820"></status>
</kw>
<kw name="Change Wait Time" library="Mainframe3270">
<doc>To give time for the mainframe screen to be "drawn" and receive the next commands, a "wait time" has been
created, which by default is set to 0.5 seconds. This is a sleep applied AFTER the follow keywords:</doc>
<arguments>
<arg>0.5</arg>
</arguments>
<status status="PASS" starttime="20210429 22:27:10.821" endtime="20210429 22:27:10.821"></status>
</kw>
<kw name="Change Wait Time After Write" library="Mainframe3270">
<doc>To give the user time to see what is happening inside the mainframe, a "change wait time after write" has
been created, which by default is set to 0 seconds. This is a sleep applied AFTER the string sent in this
keywords:</doc>
<arguments>
<arg>0.5</arg>
</arguments>
<status status="PASS" starttime="20210429 22:27:10.821" endtime="20210429 22:27:10.821"></status>
</kw>
<kw name="Set Screenshot Folder" library="Mainframe3270">
<doc>Set a folder to keep the html files generated by the `Take Screenshot` keyword.</doc>
<arguments>
<arg>${EXECDIR}/Results/screenshots</arg>
</arguments>
<status status="PASS" starttime="20210429 22:27:10.821" endtime="20210429 22:27:10.822"></status>
</kw>
<status status="PASS" starttime="20210429 22:27:10.301" endtime="20210429 22:27:10.822"></status>
</kw>
<kw name="Dado que estou logado na aplicação" library="home_kws">
<kw name="Dado que estou na aplicação" library="home_kws">
<kw name="Wait Until String" library="Mainframe3270">
<doc>Wait until a string exists on the mainframe screen to perform the next step. If the string not appear on
5 seconds the keyword will raise a exception. You can define a different timeout.</doc>
<arguments>
<arg>${HOME.welcome}</arg>
<arg>timeout=10</arg>
</arguments>
<status status="PASS" starttime="20210429 22:27:10.823" endtime="20210429 22:27:13.097"></status>
</kw>
<status status="PASS" starttime="20210429 22:27:10.823" endtime="20210429 22:27:13.097"></status>
</kw>
<kw name="Quando realizo login na aplicação" library="home_kws">
<kw name="Get Value From User" library="Dialogs">
<doc>Pauses test execution and asks user to input a value.</doc>
<arguments>
<arg>Insira sua credencial:</arg>
</arguments>
<assign>
<var>${user}</var>
</assign>
<msg timestamp="20210429 22:27:23.417" level="INFO">${user} = tester969</msg>
<status status="PASS" starttime="20210429 22:27:13.097" endtime="20210429 22:27:23.417"></status>
</kw>
<kw name="Get Value From User" library="Dialogs">
<doc>Pauses test execution and asks user to input a value.</doc>
<arguments>
<arg>Insira sua senha:</arg>
</arguments>
<assign>
<var>${password}</var>
</assign>
<msg timestamp="20210429 22:27:32.501" level="INFO">${password} = brasil123</msg>
<status status="PASS" starttime="20210429 22:27:23.417" endtime="20210429 22:27:32.501"></status>
</kw>
<kw name="Write Bare In Position" library="Mainframe3270">
<doc>Send only the string to the screen at screen co-ordinates "ypos"/"xpos".</doc>
<arguments>
<arg>${user}</arg>
<arg>5</arg>
<arg>25</arg>
</arguments>
<status status="PASS" starttime="20210429 22:27:32.501" endtime="20210429 22:27:33.005"></status>
</kw>
<kw name="Move Next Field" library="Mainframe3270">
<doc>Move the cursor to the next input field. Equivalent to pressing the Tab key.</doc>
<status status="PASS" starttime="20210429 22:27:33.005" endtime="20210429 22:27:33.006"></status>
</kw>
<kw name="Write Bare" library="Mainframe3270">
<doc>Send only the string to the screen at the current cursor location.</doc>
<arguments>
<arg>${password}</arg>
</arguments>
<status status="PASS" starttime="20210429 22:27:33.006" endtime="20210429 22:27:33.510"></status>
</kw>
<kw name="Send Enter" library="Mainframe3270">
<doc>Send a Enter to the screen.</doc>
<status status="PASS" starttime="20210429 22:27:33.510" endtime="20210429 22:27:34.296"></status>
</kw>
<status status="PASS" starttime="20210429 22:27:13.097" endtime="20210429 22:27:34.296"></status>
</kw>
<status status="PASS" starttime="20210429 22:27:10.823" endtime="20210429 22:27:34.296"></status>
</kw>
<kw name="E acesso a tela de alteração de perfil" library="home_kws">
<kw name="Wait Until String" library="Mainframe3270">
<doc>Wait until a string exists on the mainframe screen to perform the next step. If the string not appear on
5 seconds the keyword will raise a exception. You can define a different timeout.</doc>
<arguments>
<arg>${MAIN_MENU.title}</arg>
</arguments>
<status status="PASS" starttime="20210429 22:27:34.297" endtime="20210429 22:27:34.299"></status>
</kw>
<kw name="Write" library="Mainframe3270">
<doc>Send a string to the screen at the current cursor location *and a Enter.*</doc>
<arguments>
<arg>1</arg>
</arguments>
<status status="PASS" starttime="20210429 22:27:34.299" endtime="20210429 22:27:35.561"></status>
</kw>
<kw name="Write" library="Mainframe3270">
<doc>Send a string to the screen at the current cursor location *and a Enter.*</doc>
<arguments>
<arg>9</arg>
</arguments>
<status status="PASS" starttime="20210429 22:27:35.561" endtime="20210429 22:27:36.821"></status>
</kw>
<status status="PASS" starttime="20210429 22:27:34.297" endtime="20210429 22:27:36.821"></status>
</kw>
<kw name="Quando edito o campo descrição" library="change_profile_kws">
<kw name="Wait Until String" library="Mainframe3270">
<doc>Wait until a string exists on the mainframe screen to perform the next step. If the string not appear on
5 seconds the keyword will raise a exception. You can define a different timeout.</doc>
<arguments>
<arg>${CHANGE_PROFILE.title}</arg>
</arguments>
<status status="PASS" starttime="20210429 22:27:36.821" endtime="20210429 22:27:36.831"></status>
</kw>
<kw name="Text" library="FakerLibrary">
<doc>Generate a text string.
Depending on the ``max_nb_chars, returns a string made of words, sentences, or paragraphs.
:example 'Sapiente sunt omnis. Ut pariatur ad autem ducimus et. Voluptas rem voluptas sint modi dolorem amet.'</doc>
<arguments>
<arg>max_nb_chars=20</arg>
</arguments>
<assign>
<var>${descricao}</var>
</assign>
<msg timestamp="20210429 22:27:36.831" level="INFO">${descricao} = Numquam quo eum.</msg>
<status status="PASS" starttime="20210429 22:27:36.831" endtime="20210429 22:27:36.831"></status>
</kw>
<kw name="Take Screenshot" library="Mainframe3270">
<doc>Generate a screenshot of the IBM 3270 Mainframe in a html format. The
default folder is the log folder of RobotFramework, if you want change see the `Set Screenshot Folder`.</doc>
<msg timestamp="20210429 22:27:36.834" level="INFO" html="yes">&lt;iframe src="C:/Users/user/Mainframe3270/Results/screenshots/screenshot_1619746056832.html" height="410" width="670"&gt;&lt;/iframe&gt;</msg>
<status status="PASS" starttime="20210429 22:27:36.831" endtime="20210429 22:27:36.834"></status>
</kw>
<kw name="Delete Field" library="Mainframe3270">
<doc>Delete a entire contents in field at current cursor location and positions
cursor at beginning of field. If you want to delete a field that is in
another position, simply pass the coordinates "ypos"/"xpos" of any part of the field.</doc>
<arguments>
<arg>11</arg>
<arg>50</arg>
</arguments>
<status status="PASS" starttime="20210429 22:27:36.834" endtime="20210429 22:27:36.835"></status>
</kw>
<kw name="Take Screenshot" library="Mainframe3270">
<doc>Generate a screenshot of the IBM 3270 Mainframe in a html format. The
default folder is the log folder of RobotFramework, if you want change see the `Set Screenshot Folder`.</doc>
<msg timestamp="20210429 22:27:36.838" level="INFO" html="yes">&lt;iframe src="C:/Users/user/Mainframe3270/Results/screenshots/screenshot_1619746056836.html" height="410" width="670"&gt;&lt;/iframe&gt;</msg>
<status status="PASS" starttime="20210429 22:27:36.835" endtime="20210429 22:27:36.839"></status>
</kw>
<kw name="Write Bare In Position" library="Mainframe3270">
<doc>Send only the string to the screen at screen co-ordinates "ypos"/"xpos".</doc>
<arguments>
<arg>${descricao}</arg>
<arg>11</arg>
<arg>50</arg>
</arguments>
<status status="PASS" starttime="20210429 22:27:36.839" endtime="20210429 22:27:37.341"></status>
</kw>
<kw name="Take Screenshot" library="Mainframe3270">
<doc>Generate a screenshot of the IBM 3270 Mainframe in a html format. The
default folder is the log folder of RobotFramework, if you want change see the `Set Screenshot Folder`.</doc>
<msg timestamp="20210429 22:27:37.345" level="INFO" html="yes">&lt;iframe src="C:/Users/user/Mainframe3270/Results/screenshots/screenshot_1619746057341.html" height="410" width="670"&gt;&lt;/iframe&gt;</msg>
<status status="PASS" starttime="20210429 22:27:37.341" endtime="20210429 22:27:37.345"></status>
</kw>
<kw name="Send Enter" library="Mainframe3270">
<doc>Send a Enter to the screen.</doc>
<status status="PASS" starttime="20210429 22:27:37.345" endtime="20210429 22:27:38.127"></status>
</kw>
<status status="PASS" starttime="20210429 22:27:36.821" endtime="20210429 22:27:38.127"></status>
</kw>
<kw name="Entao visualizo a mensagem" library="common_kws">
<arguments>
<arg>User profile TESTER969 changed.</arg>
</arguments>
<kw name="Wait Until String" library="Mainframe3270">
<doc>Wait until a string exists on the mainframe screen to perform the next step. If the string not appear on
5 seconds the keyword will raise a exception. You can define a different timeout.</doc>
<arguments>
<arg>${USER_TASKS_MENU.title}</arg>
</arguments>
<status status="PASS" starttime="20210429 22:27:38.127" endtime="20210429 22:27:38.128"></status>
</kw>
<kw name="Page Should Contain String" library="Mainframe3270">
<doc>Search if a given string exists on the mainframe screen.</doc>
<arguments>
<arg>${mensagem}</arg>
</arguments>
<msg timestamp="20210429 22:27:38.137" level="INFO">The string "User profile TESTER969 changed." was found</msg>
<status status="PASS" starttime="20210429 22:27:38.128" endtime="20210429 22:27:38.137"></status>
</kw>
<kw name="Take Screenshot" library="Mainframe3270">
<doc>Generate a screenshot of the IBM 3270 Mainframe in a html format. The
default folder is the log folder of RobotFramework, if you want change see the `Set Screenshot Folder`.</doc>
<msg timestamp="20210429 22:27:38.139" level="INFO" html="yes">&lt;iframe src="C:/Users/user/Mainframe3270/Results/screenshots/screenshot_1619746058137.html" height="410" width="670"&gt;&lt;/iframe&gt;</msg>
<status status="PASS" starttime="20210429 22:27:38.137" endtime="20210429 22:27:38.140"></status>
</kw>
<status status="PASS" starttime="20210429 22:27:38.127" endtime="20210429 22:27:38.140"></status>
</kw>
<kw name="Close Mainframe" library="common_kws" type="teardown">
<kw name="Take Screenshot" library="Mainframe3270">
<doc>Generate a screenshot of the IBM 3270 Mainframe in a html format. The
default folder is the log folder of RobotFramework, if you want change see the `Set Screenshot Folder`.</doc>
<msg timestamp="20210429 22:27:38.144" level="INFO" html="yes">&lt;iframe src="C:/Users/user/Mainframe3270/Results/screenshots/screenshot_1619746058141.html" height="410" width="670"&gt;&lt;/iframe&gt;</msg>
<status status="PASS" starttime="20210429 22:27:38.141" endtime="20210429 22:27:38.144"></status>
</kw>
<kw name="Close Connection" library="Mainframe3270">
<doc>Disconnect from the host.</doc>
<status status="PASS" starttime="20210429 22:27:38.144" endtime="20210429 22:27:38.145"></status>
</kw>
<status status="PASS" starttime="20210429 22:27:38.140" endtime="20210429 22:27:38.145"></status>
</kw>
<status status="PASS" starttime="20210429 22:27:10.300" endtime="20210429 22:27:38.146" critical="yes"></status>
</test>
<status status="PASS" starttime="20210429 22:27:09.869" endtime="20210429 22:27:38.147"></status>
</suite>
<statistics>
<total>
<stat pass="1" fail="0">Critical Tests</stat>
<stat pass="1" fail="0">All Tests</stat>
</total>
<tag>
</tag>
<suite>
<stat pass="1" fail="0" id="s1" name="Alterar Dados">Alterar Dados</stat>
</suite>
</statistics>
<errors>
</errors>
</robot>
